<?xml version="1.0" encoding="UTF-8"?>
<testsuite name="challenge.SubmitTest" tests="6" skipped="0" failures="0" errors="0" timestamp="2019-02-14T03:30:04" hostname="casper-ThinkPad-T410" time="1.905">
  <properties/>
  <testcase name="q1" classname="challenge.SubmitTest" time="0.532"/>
  <testcase name="q2" classname="challenge.SubmitTest" time="0.4"/>
  <testcase name="q3" classname="challenge.SubmitTest" time="0.001"/>
  <testcase name="q4" classname="challenge.SubmitTest" time="0.283"/>
  <testcase name="q5" classname="challenge.SubmitTest" time="0.408"/>
  <testcase name="q6" classname="challenge.SubmitTest" time="0.277"/>
  <system-out><![CDATA[[Barry Richardson, Essam El Hadary, Óscar Pérez, Jimmy Walker, Danny Coyne, Chris Day, Joaquim Manuel Sampaio Silva, Kjetil Wæhler, Timmy Simons, Benjamin Nivet]
]]></system-out>
  <system-err><![CDATA[]]></system-err>
</testsuite>
